
================== ASTRAL ===================== 

This is ASTRAL version 5.7.8
Gene trees are treated as unrooted
1 trees read from ../Dataset/15-taxon/100gene-true/R7/stelar_outputs/stelar_output_RAND.tre
index0
Scoring ../Dataset/15-taxon/true_tree_trimmed
Scoring: 1 trees
Number of taxa: 15 (15 species)
Taxa: [I, J, K, L, M, N, O, F, E, D, C, B, A, G, H]
Taxon occupancy: {A=1, B=1, C=1, D=1, E=1, F=1, G=1, H=1, I=1, J=1, K=1, L=1, M=1, N=1, O=1}
Number of gene trees: 1
0 trees have missing taxa
Using tree-based weight calculation.
Using polytree-based weight calculation.
Polytree max score: 1365
Polytree building time: 0.003 seconds.
Number of quartet trees in the gene trees: 1365
Final quartet score is: 1283
Final normalized quartet score is: 0.9399267399267399
You may want to ignore posterior probabilities and other statistics related to the following branch branch because the effective number of genes impacting it is only 1:
	{B, A}
You may want to ignore posterior probabilities and other statistics related to the following branch branch because the effective number of genes impacting it is only 1:
	{C, B, A}
You may want to ignore posterior probabilities and other statistics related to the following branch branch because the effective number of genes impacting it is only 1:
	{D, C, B, A}
You may want to ignore posterior probabilities and other statistics related to the following branch branch because the effective number of genes impacting it is only 1:
	{E, D, C, B, A}
You may want to ignore posterior probabilities and other statistics related to the following branch branch because the effective number of genes impacting it is only 1:
	{F, E, D, C, B, A}
You may want to ignore posterior probabilities and other statistics related to the following branch branch because the effective number of genes impacting it is only 1:
	{F, E, D, C, B, A, G}
You may want to ignore posterior probabilities and other statistics related to the following branch branch because the effective number of genes impacting it is only 1:
	{F, E, D, C, B, A, G, H}
You may want to ignore posterior probabilities and other statistics related to the following branch branch because the effective number of genes impacting it is only 1:
	{I, F, E, D, C, B, A, G, H}
You may want to ignore posterior probabilities and other statistics related to the following branch branch because the effective number of genes impacting it is only 1:
	{I, J, F, E, D, C, B, A, G, H}
You may want to ignore posterior probabilities and other statistics related to the following branch branch because the effective number of genes impacting it is only 1:
	{I, J, K, F, E, D, C, B, A, G, H}
You may want to ignore posterior probabilities and other statistics related to the following branch branch because the effective number of genes impacting it is only 1:
	{I, J, K, L, F, E, D, C, B, A, G, H}
You may want to ignore posterior probabilities and other statistics related to the following branch branch because the effective number of genes impacting it is only 1:
	{I, J, K, L, M, F, E, D, C, B, A, G, H}
Extended species tree:
((((((((((((((A,B)0.67:0.2876820724517809,C)0.67:0.2876820724517809,D)0.67:0.2876820724517809,E)0.67:0.2876820724517809,F)0.67:0.2876820724517809,G)0.17:0.0,H)0.67:0.2876820724517809,I)0.17:0.0,J)0.67:0.2876820724517809,K)0.67:0.2876820724517809,L)0.67:0.2876820724517809,M)0.67:0.2876820724517809,N),O);
Weight calculation took 3.469E-4 secs
ASTRAL finished in 0.069 secs
