
================== ASTRAL ===================== 

This is ASTRAL version 5.7.8
Gene trees are treated as unrooted
1 trees read from ../Dataset/11-taxon/estimated_Xgenes_strongILS/estimated_100genes_strongILS/R11/stelar_outputs/stelar_output_RAND.tre
index0
Scoring ../Dataset/11-taxon/true_tree_trimmed
Scoring: 1 trees
Number of taxa: 11 (11 species)
Taxa: [4, 3, 2, 1, 11, 10, 9, 7, 8, 6, 5]
Taxon occupancy: {11=1, 1=1, 2=1, 3=1, 4=1, 5=1, 6=1, 7=1, 8=1, 9=1, 10=1}
Number of gene trees: 1
0 trees have missing taxa
Using tree-based weight calculation.
Using polytree-based weight calculation.
Polytree max score: 330
Polytree building time: 0.003 seconds.
Number of quartet trees in the gene trees: 330
Final quartet score is: 330
Final normalized quartet score is: 1.0
You may want to ignore posterior probabilities and other statistics related to the following branch branch because the effective number of genes impacting it is only 1:
	{2, 1}
You may want to ignore posterior probabilities and other statistics related to the following branch branch because the effective number of genes impacting it is only 1:
	{3, 2, 1}
You may want to ignore posterior probabilities and other statistics related to the following branch branch because the effective number of genes impacting it is only 1:
	{4, 3, 2, 1}
You may want to ignore posterior probabilities and other statistics related to the following branch branch because the effective number of genes impacting it is only 1:
	{6, 5}
You may want to ignore posterior probabilities and other statistics related to the following branch branch because the effective number of genes impacting it is only 1:
	{7, 8}
You may want to ignore posterior probabilities and other statistics related to the following branch branch because the effective number of genes impacting it is only 1:
	{7, 8, 6, 5}
You may want to ignore posterior probabilities and other statistics related to the following branch branch because the effective number of genes impacting it is only 1:
	{9, 7, 8, 6, 5}
You may want to ignore posterior probabilities and other statistics related to the following branch branch because the effective number of genes impacting it is only 1:
	{10, 9, 7, 8, 6, 5}
Extended species tree:
(((((1,2)0.67:0.2876820724517809,3)0.67:0.2876820724517809,4)0.67:0.2876820724517809,((((5,6)0.67:0.2876820724517809,(7,8)0.67:0.2876820724517809)0.67:0.2876820724517809,9)0.67:0.2876820724517809,10)0.67:0.2876820724517809),11);
Weight calculation took 3.892E-4 secs
ASTRAL finished in 0.065 secs
