
================== ASTRAL ===================== 

This is ASTRAL version 5.7.8
Gene trees are treated as unrooted
1 trees read from ../Dataset/15-taxon/1000gene-100bp/estimated-genetrees/R7/stelar_outputs/stelar_output_RAND.tre
index0
Scoring ../Dataset/15-taxon/true_tree_trimmed
Scoring: 1 trees
Number of taxa: 15 (15 species)
Taxa: [E, D, C, A, B, G, F, O, J, K, L, N, M, H, I]
Taxon occupancy: {A=1, B=1, C=1, D=1, E=1, F=1, G=1, H=1, I=1, J=1, K=1, L=1, M=1, N=1, O=1}
Number of gene trees: 1
0 trees have missing taxa
Using tree-based weight calculation.
Using polytree-based weight calculation.
Polytree max score: 1365
Polytree building time: 0.002 seconds.
Number of quartet trees in the gene trees: 1365
Final quartet score is: 1183
Final normalized quartet score is: 0.8666666666666667
You may want to ignore posterior probabilities and other statistics related to the following branch branch because the effective number of genes impacting it is only 1:
	{A, B}
You may want to ignore posterior probabilities and other statistics related to the following branch branch because the effective number of genes impacting it is only 1:
	{C, A, B}
You may want to ignore posterior probabilities and other statistics related to the following branch branch because the effective number of genes impacting it is only 1:
	{D, C, A, B}
You may want to ignore posterior probabilities and other statistics related to the following branch branch because the effective number of genes impacting it is only 1:
	{E, D, C, A, B}
You may want to ignore posterior probabilities and other statistics related to the following branch branch because the effective number of genes impacting it is only 1:
	{E, D, C, A, B, F}
You may want to ignore posterior probabilities and other statistics related to the following branch branch because the effective number of genes impacting it is only 1:
	{E, D, C, A, B, G, F}
You may want to ignore posterior probabilities and other statistics related to the following branch branch because the effective number of genes impacting it is only 1:
	{E, D, C, A, B, G, F, H}
You may want to ignore posterior probabilities and other statistics related to the following branch branch because the effective number of genes impacting it is only 1:
	{E, D, C, A, B, G, F, H, I}
You may want to ignore posterior probabilities and other statistics related to the following branch branch because the effective number of genes impacting it is only 1:
	{E, D, C, A, B, G, F, J, H, I}
You may want to ignore posterior probabilities and other statistics related to the following branch branch because the effective number of genes impacting it is only 1:
	{E, D, C, A, B, G, F, J, K, H, I}
You may want to ignore posterior probabilities and other statistics related to the following branch branch because the effective number of genes impacting it is only 1:
	{E, D, C, A, B, G, F, J, K, L, H, I}
You may want to ignore posterior probabilities and other statistics related to the following branch branch because the effective number of genes impacting it is only 1:
	{E, D, C, A, B, G, F, J, K, L, M, H, I}
Extended species tree:
((((((((((((((A,B)0.67:0.2876820724517809,C)0.67:0.2876820724517809,D)0.67:0.2876820724517809,E)0.67:0.2876820724517809,F)0.17:0.0,G)0.67:0.2876820724517809,H)0.17:0.0,I)0.67:0.2876820724517809,J)0.53:0.06453852113757118,K)0.48:0.0,L)0.39:0.0,M)0.17:0.0,N),O);
Weight calculation took 3.479E-4 secs
ASTRAL finished in 0.07 secs
