
================== ASTRAL ===================== 

This is ASTRAL version 5.7.8
Gene trees are treated as unrooted
1 trees read from ../Dataset/15-taxon/100gene-1000bp/estimated-genetrees/R10/stelar_outputs/stelar_output_MP.tre
index0
Scoring ../Dataset/15-taxon/true_tree_trimmed
Scoring: 1 trees
Number of taxa: 15 (15 species)
Taxa: [O, N, M, L, K, J, I, H, G, F, E, D, C, B, A]
Taxon occupancy: {A=1, B=1, C=1, D=1, E=1, F=1, G=1, H=1, I=1, J=1, K=1, L=1, M=1, N=1, O=1}
Number of gene trees: 1
0 trees have missing taxa
Using tree-based weight calculation.
Using polytree-based weight calculation.
Polytree max score: 1365
Polytree building time: 0.002 seconds.
Number of quartet trees in the gene trees: 1365
Final quartet score is: 1365
Final normalized quartet score is: 1.0
You may want to ignore posterior probabilities and other statistics related to the following branch branch because the effective number of genes impacting it is only 1:
	{B, A}
You may want to ignore posterior probabilities and other statistics related to the following branch branch because the effective number of genes impacting it is only 1:
	{C, B, A}
You may want to ignore posterior probabilities and other statistics related to the following branch branch because the effective number of genes impacting it is only 1:
	{D, C, B, A}
You may want to ignore posterior probabilities and other statistics related to the following branch branch because the effective number of genes impacting it is only 1:
	{E, D, C, B, A}
You may want to ignore posterior probabilities and other statistics related to the following branch branch because the effective number of genes impacting it is only 1:
	{F, E, D, C, B, A}
You may want to ignore posterior probabilities and other statistics related to the following branch branch because the effective number of genes impacting it is only 1:
	{G, F, E, D, C, B, A}
You may want to ignore posterior probabilities and other statistics related to the following branch branch because the effective number of genes impacting it is only 1:
	{H, G, F, E, D, C, B, A}
You may want to ignore posterior probabilities and other statistics related to the following branch branch because the effective number of genes impacting it is only 1:
	{I, H, G, F, E, D, C, B, A}
You may want to ignore posterior probabilities and other statistics related to the following branch branch because the effective number of genes impacting it is only 1:
	{J, I, H, G, F, E, D, C, B, A}
You may want to ignore posterior probabilities and other statistics related to the following branch branch because the effective number of genes impacting it is only 1:
	{K, J, I, H, G, F, E, D, C, B, A}
You may want to ignore posterior probabilities and other statistics related to the following branch branch because the effective number of genes impacting it is only 1:
	{L, K, J, I, H, G, F, E, D, C, B, A}
You may want to ignore posterior probabilities and other statistics related to the following branch branch because the effective number of genes impacting it is only 1:
	{M, L, K, J, I, H, G, F, E, D, C, B, A}
Extended species tree:
((((((((((((((A,B)0.67:0.2876820724517809,C)0.67:0.2876820724517809,D)0.67:0.2876820724517809,E)0.67:0.2876820724517809,F)0.67:0.2876820724517809,G)0.67:0.2876820724517809,H)0.67:0.2876820724517809,I)0.67:0.2876820724517809,J)0.67:0.2876820724517809,K)0.67:0.2876820724517809,L)0.67:0.2876820724517809,M)0.67:0.2876820724517809,N),O);
Weight calculation took 4.415E-4 secs
ASTRAL finished in 0.068 secs
