
================== ASTRAL ===================== 

This is ASTRAL version 5.7.8
Gene trees are treated as unrooted
1 trees read from ../Dataset/15-taxon/100gene-100bp/estimated-genetrees/R8/stelar_outputs/stelar_output_OG.tre
index0
Scoring ../Dataset/15-taxon/true_tree_trimmed
Scoring: 1 trees
Number of taxa: 15 (15 species)
Taxa: [O, G, F, E, D, C, B, A, H, N, K, M, L, I, J]
Taxon occupancy: {A=1, B=1, C=1, D=1, E=1, F=1, G=1, H=1, I=1, J=1, K=1, L=1, M=1, N=1, O=1}
Number of gene trees: 1
0 trees have missing taxa
Using tree-based weight calculation.
Using polytree-based weight calculation.
Polytree max score: 1365
Polytree building time: 0.004 seconds.
Number of quartet trees in the gene trees: 1365
Final quartet score is: 1089
Final normalized quartet score is: 0.7978021978021979
You may want to ignore posterior probabilities and other statistics related to the following branch branch because the effective number of genes impacting it is only 1:
	{B, A}
You may want to ignore posterior probabilities and other statistics related to the following branch branch because the effective number of genes impacting it is only 1:
	{C, B, A}
You may want to ignore posterior probabilities and other statistics related to the following branch branch because the effective number of genes impacting it is only 1:
	{D, C, B, A}
You may want to ignore posterior probabilities and other statistics related to the following branch branch because the effective number of genes impacting it is only 1:
	{E, D, C, B, A}
You may want to ignore posterior probabilities and other statistics related to the following branch branch because the effective number of genes impacting it is only 1:
	{F, E, D, C, B, A}
You may want to ignore posterior probabilities and other statistics related to the following branch branch because the effective number of genes impacting it is only 1:
	{G, F, E, D, C, B, A}
You may want to ignore posterior probabilities and other statistics related to the following branch branch because the effective number of genes impacting it is only 1:
	{G, F, E, D, C, B, A, H}
You may want to ignore posterior probabilities and other statistics related to the following branch branch because the effective number of genes impacting it is only 1:
	{G, F, E, D, C, B, A, H, I}
You may want to ignore posterior probabilities and other statistics related to the following branch branch because the effective number of genes impacting it is only 1:
	{G, F, E, D, C, B, A, H, I, J}
You may want to ignore posterior probabilities and other statistics related to the following branch branch because the effective number of genes impacting it is only 1:
	{G, F, E, D, C, B, A, H, K, I, J}
You may want to ignore posterior probabilities and other statistics related to the following branch branch because the effective number of genes impacting it is only 1:
	{G, F, E, D, C, B, A, H, K, L, I, J}
You may want to ignore posterior probabilities and other statistics related to the following branch branch because the effective number of genes impacting it is only 1:
	{G, F, E, D, C, B, A, H, K, M, L, I, J}
Extended species tree:
((((((((((((((A,B)0.67:0.2876820724517809,C)0.67:0.2876820724517809,D)0.67:0.2876820724517809,E)0.17:0.0,F)0.67:0.2876820724517809,G)0.67:0.2876820724517809,H)0.57:0.13353139262452274,I)0.17:0.0,J)0.54:0.08701137698962969,K)0.33:0.0,L)0.17:0.0,M)0.21:0.0,N),O);
Weight calculation took 3.608E-4 secs
ASTRAL finished in 0.08 secs
