
================== ASTRAL ===================== 

This is ASTRAL version 5.7.8
Gene trees are treated as unrooted
1 trees read from ../Dataset/11-taxon/estimated_Xgenes_strongILS/estimated_5genes_strongILS/R13/stelar_outputs/stelar_output_MP.tre
index0
Scoring ../Dataset/11-taxon/true_tree_trimmed
Scoring: 1 trees
Number of taxa: 11 (11 species)
Taxa: [11, 2, 4, 3, 1, 9, 5, 6, 10, 7, 8]
Taxon occupancy: {11=1, 1=1, 2=1, 3=1, 4=1, 5=1, 6=1, 7=1, 8=1, 9=1, 10=1}
Number of gene trees: 1
0 trees have missing taxa
Using tree-based weight calculation.
Using polytree-based weight calculation.
Polytree max score: 330
Polytree building time: 0.002 seconds.
Number of quartet trees in the gene trees: 330
Final quartet score is: 264
Final normalized quartet score is: 0.8
You may want to ignore posterior probabilities and other statistics related to the following branch branch because the effective number of genes impacting it is only 1:
	{2, 1}
You may want to ignore posterior probabilities and other statistics related to the following branch branch because the effective number of genes impacting it is only 1:
	{2, 3, 1}
You may want to ignore posterior probabilities and other statistics related to the following branch branch because the effective number of genes impacting it is only 1:
	{2, 4, 3, 1}
You may want to ignore posterior probabilities and other statistics related to the following branch branch because the effective number of genes impacting it is only 1:
	{5, 6}
You may want to ignore posterior probabilities and other statistics related to the following branch branch because the effective number of genes impacting it is only 1:
	{7, 8}
You may want to ignore posterior probabilities and other statistics related to the following branch branch because the effective number of genes impacting it is only 1:
	{5, 6, 7, 8}
You may want to ignore posterior probabilities and other statistics related to the following branch branch because the effective number of genes impacting it is only 1:
	{9, 5, 6, 7, 8}
You may want to ignore posterior probabilities and other statistics related to the following branch branch because the effective number of genes impacting it is only 1:
	{9, 5, 6, 10, 7, 8}
Extended species tree:
(((((1,2)0.17:0.0,3)0.39:0.0,4)0.67:0.2876820724517809,((((5,6)0.67:0.2876820724517809,(7,8)0.67:0.2876820724517809)0.57:0.13353139262452274,9)0.17:0.0,10)0.67:0.2876820724517809),11);
Weight calculation took 1.896E-4 secs
ASTRAL finished in 0.063 secs
