
================== ASTRAL ===================== 

This is ASTRAL version 5.7.8
Gene trees are treated as unrooted
1 trees read from ../Dataset/11-taxon/estimated_Xgenes_strongILS/estimated_5genes_strongILS/R3/stelar_outputs/stelar_output_RAND.tre
index0
Scoring ../Dataset/11-taxon/true_tree_trimmed
Scoring: 1 trees
Number of taxa: 11 (11 species)
Taxa: [6, 9, 8, 7, 5, 10, 11, 4, 2, 3, 1]
Taxon occupancy: {11=1, 1=1, 2=1, 3=1, 4=1, 5=1, 6=1, 7=1, 8=1, 9=1, 10=1}
Number of gene trees: 1
0 trees have missing taxa
Using tree-based weight calculation.
Using polytree-based weight calculation.
Polytree max score: 330
Polytree building time: 0.002 seconds.
Number of quartet trees in the gene trees: 330
Final quartet score is: 245
Final normalized quartet score is: 0.7424242424242424
You may want to ignore posterior probabilities and other statistics related to the following branch branch because the effective number of genes impacting it is only 1:
	{2, 1}
You may want to ignore posterior probabilities and other statistics related to the following branch branch because the effective number of genes impacting it is only 1:
	{2, 3, 1}
You may want to ignore posterior probabilities and other statistics related to the following branch branch because the effective number of genes impacting it is only 1:
	{4, 2, 3, 1}
You may want to ignore posterior probabilities and other statistics related to the following branch branch because the effective number of genes impacting it is only 1:
	{6, 5}
You may want to ignore posterior probabilities and other statistics related to the following branch branch because the effective number of genes impacting it is only 1:
	{8, 7}
You may want to ignore posterior probabilities and other statistics related to the following branch branch because the effective number of genes impacting it is only 1:
	{6, 8, 7, 5}
You may want to ignore posterior probabilities and other statistics related to the following branch branch because the effective number of genes impacting it is only 1:
	{6, 9, 8, 7, 5}
You may want to ignore posterior probabilities and other statistics related to the following branch branch because the effective number of genes impacting it is only 1:
	{6, 9, 8, 7, 5, 10}
Extended species tree:
(((((1,2)0.17:0.0,3)0.67:0.2876820724517809,4)0.67:0.2876820724517809,((((5,6)0.24:0.0,(7,8)0.67:0.2876820724517809)0.17:0.0,9)0.4:0.0,10)0.67:0.2876820724517809),11);
Weight calculation took 3.028E-4 secs
ASTRAL finished in 0.059 secs
